                  :-) GROMACS - gmx mdrun, 2024.2-Homebrew (-:

Copyright 1991-2024 The GROMACS Authors.
GROMACS is free software; you can redistribute it and/or modify it
under the terms of the GNU Lesser General Public License
as published by the Free Software Foundation; either version 2.1
of the License, or (at your option) any later version.

                         Current GROMACS contributors:
       Mark Abraham           Andrey Alekseenko           Vladimir Basov      
      Cathrine Bergh            Eliane Briand               Ania Brown        
      Mahesh Doijade            Giacomo Fiorin          Stefan Fleischmann    
      Sergey Gorelov         Gilles Gouaillardet            Alan Gray         
     M. Eric Irrgang         Farzaneh Jalalypour            Joe Jordan        
     Carsten Kutzner           Justin A. Lemkul          Magnus Lundborg      
       Pascal Merz              Vedran Miletic            Dmitry Morozov      
       Julien Nabet              Szilard Pall        Andrea Pasquadibisceglie 
    Michele Pellegrino          Hubert Santuz             Roland Schulz       
     Tatiana Shugaeva          Alexey Shvetsov            Philip Turner       
     Alessandra Villa      Sebastian Wingbermuehle  

                         Previous GROMACS contributors:
        Emile Apol             Rossen Apostolov           James Barnett       
        Paul Bauer          Herman J.C. Berendsen          Par Bjelkmar       
      Christian Blau          Viacheslav Bolnykh            Kevin Boyd        
    Aldert van Buuren          Carlo Camilloni           Rudi van Drunen      
      Anton Feenstra           Oliver Fleetwood            Vytas Gapsys       
       Gaurav Garg             Gerrit Groenhof            Bert de Groot       
      Anca Hamuraru           Vincent Hindriksen          Victor Holanda      
     Aleksei Iupinov          Christoph Junghans        Prashanth Kanduri     
   Dimitrios Karkoulis           Peter Kasson             Sebastian Kehl      
     Sebastian Keller             Jiri Kraus               Per Larsson        
      Viveca Lindahl            Erik Marklund           Pieter Meulenhoff     
      Teemu Murtola              Sander Pronk             Michael Shirts      
      Alfons Sijbers            Balint Soproni         David van der Spoel    
      Peter Tieleman            Carsten Uphoff             Jon Vincent        
     Teemu Virolainen         Christian Wennberg           Maarten Wolf       
      Artem Zhmurov       

                  Coordinated by the GROMACS project leaders:
                           Berk Hess and Erik Lindahl

GROMACS:      gmx mdrun, version 2024.2-Homebrew
Executable:   /opt/homebrew/bin/../Cellar/gromacs/2024.2/bin/gmx
Data prefix:  /opt/homebrew/bin/../Cellar/gromacs/2024.2
Working dir:  /Users/chenxili/GitHub/MOF_build_Demo/mof_build_demo
Process ID:   46841
Command line:
  gmx mdrun -s /Users/chenxili/GitHub/MOF_build_Demo/mof_build_demo/PCN222md/pcn222itp/em.tpr -deffnm em_out -g /Users/chenxili/GitHub/MOF_build_Demo/mof_build_demo/PCN222md/pcn222itp/em.log

GROMACS version:     2024.2-Homebrew
Precision:           mixed
Memory model:        64 bit
MPI library:         thread_mpi
OpenMP support:      enabled (GMX_OPENMP_MAX_THREADS = 128)
GPU support:         disabled
SIMD instructions:   ARM_NEON_ASIMD
CPU FFT library:     fftw-3.3.10
GPU FFT library:     none
Multi-GPU FFT:       none
TNG support:         enabled
Hwloc support:       disabled
Tracing support:     disabled
C compiler:          /opt/homebrew/opt/gcc/bin/gcc-14
C compiler flags:    -fexcess-precision=fast -funroll-all-loops -Wno-missing-field-initializers -O3 -DNDEBUG
C++ compiler:        /opt/homebrew/opt/gcc/bin/g++-14
C++ compiler flags:  -fexcess-precision=fast -funroll-all-loops -Wno-missing-field-initializers -Weverything -Wno-c++98-compat -Wno-c++98-compat-pedantic -Wno-return-std-move-in-c++11 -Wno-source-uses-openmp -Wno-c++17-extensions -Wno-documentation-unknown-command -Wno-covered-switch-default -Wno-switch-enum -Wno-switch-default -Wno-extra-semi-stmt -Wno-weak-vtables -Wno-shadow -Wno-padded -Wno-reserved-id-macro -Wno-double-promotion -Wno-exit-time-destructors -Wno-global-constructors -Wno-documentation -Wno-format-nonliteral -Wno-used-but-marked-unused -Wno-float-equal -Wno-conditional-uninitialized -Wno-conversion -Wno-disabled-macro-expansion -Wno-unused-macros -Wno-unsafe-buffer-usage -Wno-cast-function-type-strict SHELL:-fopenmp -O3 -DNDEBUG
BLAS library:        External - detected on the system
LAPACK library:      External - detected on the system


Running on 1 node with total 0 processing units
Hardware detected on host n151-p185.eduroam.kth.se:
  CPU info:
    Vendor: ARM
    Brand:  Unknown CPU brand
    Family: 0   Model: 0   Stepping: 0
    Features: neon neon_asimd
  Hardware topology: Only logical processor count
    CPU limit set by OS: -1   Recommended max number of threads: 8


++++ PLEASE READ AND CITE THE FOLLOWING REFERENCE ++++
M. J. Abraham, T. Murtola, R. Schulz, S. Páll, J. C. Smith, B. Hess, E.
Lindahl
GROMACS: High performance molecular simulations through multi-level
parallelism from laptops to supercomputers
SoftwareX 1 (2015) pp. 19-25
-------- -------- --- Thank You --- -------- --------


++++ PLEASE READ AND CITE THE FOLLOWING REFERENCE ++++
S. Páll, M. J. Abraham, C. Kutzner, B. Hess, E. Lindahl
Tackling Exascale Software Challenges in Molecular Dynamics Simulations with
GROMACS
In S. Markidis & E. Laure (Eds.), Solving Software Challenges for Exascale 8759 (2015) pp. 3-27
-------- -------- --- Thank You --- -------- --------


++++ PLEASE READ AND CITE THE FOLLOWING REFERENCE ++++
S. Pronk, S. Páll, R. Schulz, P. Larsson, P. Bjelkmar, R. Apostolov, M. R.
Shirts, J. C. Smith, P. M. Kasson, D. van der Spoel, B. Hess, and E. Lindahl
GROMACS 4.5: a high-throughput and highly parallel open source molecular
simulation toolkit
Bioinformatics 29 (2013) pp. 845-54
-------- -------- --- Thank You --- -------- --------


++++ PLEASE READ AND CITE THE FOLLOWING REFERENCE ++++
B. Hess and C. Kutzner and D. van der Spoel and E. Lindahl
GROMACS 4: Algorithms for highly efficient, load-balanced, and scalable
molecular simulation
J. Chem. Theory Comput. 4 (2008) pp. 435-447
-------- -------- --- Thank You --- -------- --------


++++ PLEASE READ AND CITE THE FOLLOWING REFERENCE ++++
D. van der Spoel, E. Lindahl, B. Hess, G. Groenhof, A. E. Mark and H. J. C.
Berendsen
GROMACS: Fast, Flexible and Free
J. Comp. Chem. 26 (2005) pp. 1701-1719
-------- -------- --- Thank You --- -------- --------


++++ PLEASE READ AND CITE THE FOLLOWING REFERENCE ++++
E. Lindahl and B. Hess and D. van der Spoel
GROMACS 3.0: A package for molecular simulation and trajectory analysis
J. Mol. Mod. 7 (2001) pp. 306-317
-------- -------- --- Thank You --- -------- --------


++++ PLEASE READ AND CITE THE FOLLOWING REFERENCE ++++
H. J. C. Berendsen, D. van der Spoel and R. van Drunen
GROMACS: A message-passing parallel molecular dynamics implementation
Comp. Phys. Comm. 91 (1995) pp. 43-56
-------- -------- --- Thank You --- -------- --------

Input Parameters:
   integrator                     = steep
   tinit                          = 0
   dt                             = 0.001
   nsteps                         = 100000
   init-step                      = 0
   simulation-part                = 1
   mts                            = false
   mass-repartition-factor        = 1
   comm-mode                      = Linear
   nstcomm                        = 100
   bd-fric                        = 0
   ld-seed                        = -1535295877
   emtol                          = 1000
   emstep                         = 0.01
   niter                          = 20
   fcstep                         = 0
   nstcgsteep                     = 1000
   nbfgscorr                      = 10
   rtpi                           = 0.05
   nstxout                        = 0
   nstvout                        = 0
   nstfout                        = 0
   nstlog                         = 1000
   nstcalcenergy                  = 100
   nstenergy                      = 1000
   nstxout-compressed             = 100
   compressed-x-precision         = 1000
   cutoff-scheme                  = Verlet
   nstlist                        = 1
   pbc                            = xyz
   periodic-molecules             = false
   verlet-buffer-tolerance        = 0.005
   verlet-buffer-pressure-tolerance = 0.5
   rlist                          = 1
   coulombtype                    = PME
   coulomb-modifier               = Potential-shift
   rcoulomb-switch                = 0
   rcoulomb                       = 1
   epsilon-r                      = 1
   epsilon-rf                     = inf
   vdw-type                       = Cut-off
   vdw-modifier                   = Potential-shift
   rvdw-switch                    = 0
   rvdw                           = 1
   DispCorr                       = No
   table-extension                = 1
   fourierspacing                 = 0.12
   fourier-nx                     = 224
   fourier-ny                     = 128
   fourier-nz                     = 192
   pme-order                      = 4
   ewald-rtol                     = 1e-05
   ewald-rtol-lj                  = 0.001
   lj-pme-comb-rule               = Geometric
   ewald-geometry                 = 3d
   epsilon-surface                = 0
   ensemble-temperature-setting   = not available
   tcoupl                         = No
   nsttcouple                     = -1
   nh-chain-length                = 0
   print-nose-hoover-chain-variables = false
   pcoupl                         = No
   refcoord-scaling               = No
   posres-com (3):
      posres-com[0]= 0.00000e+00
      posres-com[1]= 0.00000e+00
      posres-com[2]= 0.00000e+00
   posres-comB (3):
      posres-comB[0]= 0.00000e+00
      posres-comB[1]= 0.00000e+00
      posres-comB[2]= 0.00000e+00
   QMMM                           = false
qm-opts:
   ngQM                           = 0
   constraint-algorithm           = Lincs
   continuation                   = false
   Shake-SOR                      = false
   shake-tol                      = 0.0001
   lincs-order                    = 4
   lincs-iter                     = 1
   lincs-warnangle                = 30
   nwall                          = 0
   wall-type                      = 9-3
   wall-r-linpot                  = -1
   wall-atomtype[0]               = -1
   wall-atomtype[1]               = -1
   wall-density[0]                = 0
   wall-density[1]                = 0
   wall-ewald-zfac                = 3
   pull                           = false
   awh                            = false
   rotation                       = false
   interactiveMD                  = false
   disre                          = No
   disre-weighting                = Conservative
   disre-mixed                    = false
   dr-fc                          = 1000
   dr-tau                         = 0
   nstdisreout                    = 100
   orire-fc                       = 0
   orire-tau                      = 0
   nstorireout                    = 100
   free-energy                    = no
   cos-acceleration               = 0
   deform (3x3):
      deform[    0]={ 0.00000e+00,  0.00000e+00,  0.00000e+00}
      deform[    1]={ 0.00000e+00,  0.00000e+00,  0.00000e+00}
      deform[    2]={ 0.00000e+00,  0.00000e+00,  0.00000e+00}
   simulated-tempering            = false
   swapcoords                     = no
   userint1                       = 0
   userint2                       = 0
   userint3                       = 0
   userint4                       = 0
   userreal1                      = 0
   userreal2                      = 0
   userreal3                      = 0
   userreal4                      = 0
   applied-forces:
     electric-field:
       x:
         E0                       = 0
         omega                    = 0
         t0                       = 0
         sigma                    = 0
       y:
         E0                       = 0
         omega                    = 0
         t0                       = 0
         sigma                    = 0
       z:
         E0                       = 0
         omega                    = 0
         t0                       = 0
         sigma                    = 0
     density-guided-simulation:
       active                     = false
       group                      = protein
       similarity-measure         = inner-product
       atom-spreading-weight      = unity
       force-constant             = 1e+09
       gaussian-transform-spreading-width = 0.2
       gaussian-transform-spreading-range-in-multiples-of-width = 4
       reference-density-filename = reference.mrc
       nst                        = 1
       normalize-densities        = true
       adaptive-force-scaling     = false
       adaptive-force-scaling-time-constant = 4
       shift-vector               = 
       transformation-matrix      = 
     qmmm-cp2k:
       active                     = false
       qmgroup                    = System
       qmmethod                   = PBE
       qmfilenames                = 
       qmcharge                   = 0
       qmmultiplicity             = 1
     colvars:
       active                     = false
       configfile                 = 
       seed                       = -1
grpopts:
   nrdf:      366909
   ref-t:           0
   tau-t:           0
annealing:          No
annealing-npoints:           0
   acc:	           0           0           0
   nfreeze:           N           N           N
   energygrp-flags[  0]: 0

When checking whether update groups are usable:
  No constraints or virtual sites are in use, so it is best not to use update groups

Initializing Domain Decomposition on 1 ranks
NOTE: disabling dynamic load balancing as it is only supported with dynamics, not with integrator 'steep'.
Dynamic load balancing: off
Minimum cell size due to atom displacement: 0.000 nm
Initial maximum distances in bonded interactions:
    two-body bonded interactions: 0.384 nm, LJ-14, atoms 61547 61570
  multi-body bonded interactions: 0.384 nm, Proper Dih., atoms 61547 61570
Minimum cell size due to bonded interactions: 0.422 nm
Using 0 separate PME ranks because: there are too few total ranks for efficient splitting
Optimizing the DD grid for 1 cells with a minimum initial size of 0.422 nm
The maximum allowed number of cells is: X 61 Y 35 Z 52
Domain decomposition grid 1 x 1 x 1, separate PME ranks 0
PME domain decomposition: 1 x 1 x 1

The initial number of communication pulses is:
The initial domain decomposition cell size is:

The maximum allowed distance for atoms involved in interactions is:
                 non-bonded interactions           1.000 nm
            two-body bonded interactions  (-rdd)   1.000 nm
          multi-body bonded interactions  (-rdd)   1.000 nm

Using 1 MPI thread
Using 8 OpenMP threads 

System total charge: -0.000
Will do PME sum in reciprocal space for electrostatic interactions.

++++ PLEASE READ AND CITE THE FOLLOWING REFERENCE ++++
U. Essmann, L. Perera, M. L. Berkowitz, T. Darden, H. Lee and L. G. Pedersen 
A smooth particle mesh Ewald method
J. Chem. Phys. 103 (1995) pp. 8577-8592
-------- -------- --- Thank You --- -------- --------

Using a Gaussian width (1/beta) of 0.320163 nm for Ewald
Potential shift: LJ r^-12: -1.000e+00 r^-6: -1.000e+00, Ewald -1.000e-05
Initialized non-bonded Coulomb Ewald tables, spacing: 9.33e-04 size: 1073

Generated table with 1000 data points for 1-4 COUL.
Tabscale = 500 points/nm
Generated table with 1000 data points for 1-4 LJ6.
Tabscale = 500 points/nm
Generated table with 1000 data points for 1-4 LJ12.
Tabscale = 500 points/nm


Using SIMD4xM 4x4 nonbonded short-range kernels

Using a 4x4 pair-list setup:
  updated every 1 steps, buffer 0.000 nm, rlist 1.000 nm

Using Lorentz-Berthelot Lennard-Jones combination rule
Removing pbc first time

Linking all bonded interactions to atoms


Note that activating steepest-descent energy minimization via the integrator .mdp option and the command gmx mdrun may be available in a different form in a future version of GROMACS, e.g. gmx minimize and an .mdp option.
Initiating Steepest Descents

Atom distribution over 1 domains: av 122304 stddev 0 min 122304 max 122304
Started Steepest Descents on rank 0 Wed Jun 26 19:51:21 2024


Steepest Descents:
   Tolerance (Fmax)   =  1.00000e+03
   Number of steps    =       100000
           Step           Time
              0        0.00000

   Energies (kJ/mol)
           Bond          Angle    Proper Dih. Per. Imp. Dih.          LJ-14
    4.07366e+07    2.65268e+07    4.49131e+04    1.43939e+03    4.39660e+04
     Coulomb-14        LJ (SR)   Coulomb (SR)   Coul. recip.      Potential
   -1.31755e+06    1.54578e+10   -2.20877e+07    7.42353e+05    1.55025e+10
 Pressure (bar)
    1.19711e+08

           Step           Time
              1        1.00000

   Energies (kJ/mol)
           Bond          Angle    Proper Dih. Per. Imp. Dih.          LJ-14
    4.07370e+07    2.65269e+07    4.49290e+04    1.44155e+03    4.39638e+04
     Coulomb-14        LJ (SR)   Coulomb (SR)   Coul. recip.      Potential
   -1.31756e+06    5.98150e+09   -2.20871e+07    7.42286e+05    6.02619e+09
 Pressure (bar)
    4.63490e+07

           Step           Time
              2        2.00000

   Energies (kJ/mol)
           Bond          Angle    Proper Dih. Per. Imp. Dih.          LJ-14
    4.07394e+07    2.65276e+07    4.50465e+04    1.45803e+03    4.39726e+04
     Coulomb-14        LJ (SR)   Coulomb (SR)   Coul. recip.      Potential
   -1.31760e+06    1.81189e+09   -2.20866e+07    7.42172e+05    1.85659e+09
 Pressure (bar)
    1.40677e+07

           Step           Time
              3        3.00000

   Energies (kJ/mol)
           Bond          Angle    Proper Dih. Per. Imp. Dih.          LJ-14
    4.07453e+07    2.65285e+07    4.52711e+04    1.48906e+03    4.40067e+04
     Coulomb-14        LJ (SR)   Coulomb (SR)   Coul. recip.      Potential
   -1.31766e+06    6.43532e+08   -2.20866e+07    7.42019e+05    6.88234e+08
 Pressure (bar)
    5.02152e+06

           Step           Time
              4        4.00000

   Energies (kJ/mol)
           Bond          Angle    Proper Dih. Per. Imp. Dih.          LJ-14
    4.07580e+07    2.65275e+07    4.58773e+04    1.57499e+03    4.40878e+04
     Coulomb-14        LJ (SR)   Coulomb (SR)   Coul. recip.      Potential
   -1.31779e+06    2.10745e+08   -2.20867e+07    7.41719e+05    2.55459e+08
 Pressure (bar)
    1.66972e+06

           Step           Time
              5        5.00000

   Energies (kJ/mol)
           Bond          Angle    Proper Dih. Per. Imp. Dih.          LJ-14
    4.07576e+07    2.64999e+07    4.73207e+04    1.78606e+03    4.43283e+04
     Coulomb-14        LJ (SR)   Coulomb (SR)   Coul. recip.      Potential
   -1.31804e+06    6.42113e+07   -2.20876e+07    7.41234e+05    1.08898e+08
 Pressure (bar)
    5.34384e+05

           Step           Time
              6        6.00000

   Energies (kJ/mol)
           Bond          Angle    Proper Dih. Per. Imp. Dih.          LJ-14
    4.05372e+07    2.62628e+07    4.99559e+04    2.15988e+03    4.48354e+04
     Coulomb-14        LJ (SR)   Coulomb (SR)   Coul. recip.      Potential
   -1.31834e+06    2.24939e+07   -2.20910e+07    7.40592e+05    6.67222e+07
 Pressure (bar)
    2.10766e+05

           Step           Time
              7        7.00000

   Energies (kJ/mol)
           Bond          Angle    Proper Dih. Per. Imp. Dih.          LJ-14
    3.95904e+07    2.55043e+07    5.22821e+04    2.45343e+03    4.53513e+04
     Coulomb-14        LJ (SR)   Coulomb (SR)   Coul. recip.      Potential
   -1.31839e+06    1.17752e+07   -2.21008e+07    7.39888e+05    5.42908e+07
 Pressure (bar)
    1.27572e+05

           Step           Time
              8        8.00000

   Energies (kJ/mol)
           Bond          Angle    Proper Dih. Per. Imp. Dih.          LJ-14
    3.73600e+07    2.40990e+07    5.53090e+04    2.79437e+03    4.59562e+04
     Coulomb-14        LJ (SR)   Coulomb (SR)   Coul. recip.      Potential
   -1.31842e+06    6.70283e+06   -2.21216e+07    7.38650e+05    4.55646e+07
 Pressure (bar)
    8.81908e+04

           Step           Time
              9        9.00000

   Energies (kJ/mol)
           Bond          Angle    Proper Dih. Per. Imp. Dih.          LJ-14
    2.31703e+07    1.95190e+07    7.12058e+04    4.41222e+03    4.96094e+04
     Coulomb-14        LJ (SR)   Coulomb (SR)   Coul. recip.      Potential
   -1.31852e+06    1.83300e+06   -2.22531e+07    7.26043e+05    2.18020e+07
 Pressure (bar)
    4.75662e+04

           Step           Time
             10       10.00000

   Energies (kJ/mol)
           Bond          Angle    Proper Dih. Per. Imp. Dih.          LJ-14
    2.09339e+07    1.88692e+07    7.14209e+04    4.39308e+03    4.94217e+04
     Coulomb-14        LJ (SR)   Coulomb (SR)   Coul. recip.      Potential
   -1.31855e+06    1.70512e+06   -2.22670e+07    7.18852e+05    1.87667e+07
 Pressure (bar)
    4.58770e+04

           Step           Time
             11       11.00000

   Energies (kJ/mol)
           Bond          Angle    Proper Dih. Per. Imp. Dih.          LJ-14
    1.65514e+06    1.48411e+07    7.56856e+04    4.41080e+03    4.84812e+04
     Coulomb-14        LJ (SR)   Coulomb (SR)   Coul. recip.      Potential
   -1.31899e+06    1.15755e+06   -2.25550e+07    5.82645e+05   -5.50894e+06
 Pressure (bar)
    1.57256e+03

           Step           Time
             12       12.00000

   Energies (kJ/mol)
           Bond          Angle    Proper Dih. Per. Imp. Dih.          LJ-14
    8.30512e+05    1.34250e+07    7.62544e+04    4.38998e+03    4.87375e+04
     Coulomb-14        LJ (SR)   Coulomb (SR)   Coul. recip.      Potential
   -1.31902e+06    1.19994e+06   -2.24711e+07    5.44261e+05   -7.66108e+06
 Pressure (bar)
    3.07029e+03

           Step           Time
             13       13.00000

           Step           Time
             14       14.00000

           Step           Time
             15       15.00000

   Energies (kJ/mol)
           Bond          Angle    Proper Dih. Per. Imp. Dih.          LJ-14
    5.88551e+05    1.25582e+07    7.63769e+04    4.31814e+03    4.87141e+04
     Coulomb-14        LJ (SR)   Coulomb (SR)   Coul. recip.      Potential
   -1.31908e+06    1.11029e+06   -2.25683e+07    5.39448e+05   -8.96144e+06
 Pressure (bar)
    1.60466e+03

           Step           Time
             16       16.00000

   Energies (kJ/mol)
           Bond          Angle    Proper Dih. Per. Imp. Dih.          LJ-14
    5.79586e+05    1.17355e+07    7.65281e+04    4.23115e+03    4.86588e+04
     Coulomb-14        LJ (SR)   Coulomb (SR)   Coul. recip.      Potential
   -1.31912e+06    1.13952e+06   -2.26258e+07    5.29339e+05   -9.83154e+06
 Pressure (bar)
    3.37076e+02

           Step           Time
             17       17.00000

   Energies (kJ/mol)
           Bond          Angle    Proper Dih. Per. Imp. Dih.          LJ-14
    4.86864e+05    1.09308e+07    7.66379e+04    4.16633e+03    4.86499e+04
     Coulomb-14        LJ (SR)   Coulomb (SR)   Coul. recip.      Potential
   -1.31917e+06    1.14101e+06   -2.26552e+07    5.18026e+05   -1.07683e+07
 Pressure (bar)
    3.97942e+02

           Step           Time
             18       18.00000

   Energies (kJ/mol)
           Bond          Angle    Proper Dih. Per. Imp. Dih.          LJ-14
    5.74804e+05    1.02136e+07    7.67674e+04    4.08327e+03    4.85922e+04
     Coulomb-14        LJ (SR)   Coulomb (SR)   Coul. recip.      Potential
   -1.31922e+06    1.14889e+06   -2.27391e+07    5.16561e+05   -1.14751e+07
 Pressure (bar)
   -9.14738e+02

           Step           Time
             19       19.00000

   Energies (kJ/mol)
           Bond          Angle    Proper Dih. Per. Imp. Dih.          LJ-14
    5.13533e+05    9.37202e+06    7.68455e+04    4.02480e+03    4.85786e+04
     Coulomb-14        LJ (SR)   Coulomb (SR)   Coul. recip.      Potential
   -1.31928e+06    1.18829e+06   -2.27387e+07    5.03636e+05   -1.23511e+07
 Pressure (bar)
   -1.21278e+02

           Step           Time
             20       20.00000

   Energies (kJ/mol)
           Bond          Angle    Proper Dih. Per. Imp. Dih.          LJ-14
    7.28369e+05    8.76717e+06    7.69344e+04    3.94548e+03    4.84867e+04
     Coulomb-14        LJ (SR)   Coulomb (SR)   Coul. recip.      Potential
   -1.31932e+06    1.18540e+06   -2.28437e+07    5.08143e+05   -1.28446e+07
 Pressure (bar)
   -1.67175e+03

           Step           Time
             21       21.00000

   Energies (kJ/mol)
           Bond          Angle    Proper Dih. Per. Imp. Dih.          LJ-14
    6.23586e+05    7.85808e+06    7.69821e+04    3.89520e+03    4.84808e+04
     Coulomb-14        LJ (SR)   Coulomb (SR)   Coul. recip.      Potential
   -1.31938e+06    1.25598e+06   -2.28159e+07    4.93488e+05   -1.37748e+07
 Pressure (bar)
   -2.23069e+02

           Step           Time
             22       22.00000

   Energies (kJ/mol)
           Bond          Angle    Proper Dih. Per. Imp. Dih.          LJ-14
    9.10429e+05    7.43114e+06    7.70311e+04    3.82344e+03    4.83602e+04
     Coulomb-14        LJ (SR)   Coulomb (SR)   Coul. recip.      Potential
   -1.31941e+06    1.23765e+06   -2.29321e+07    5.02363e+05   -1.40407e+07
 Pressure (bar)
   -2.00779e+03

           Step           Time
             23       23.00000

   Energies (kJ/mol)
           Bond          Angle    Proper Dih. Per. Imp. Dih.          LJ-14
    3.45141e+05    6.49482e+06    7.70478e+04    3.79095e+03    4.83647e+04
     Coulomb-14        LJ (SR)   Coulomb (SR)   Coul. recip.      Potential
   -1.31948e+06    1.25579e+06   -2.28980e+07    4.90223e+05   -1.55023e+07
 Pressure (bar)
   -1.10110e+02

           Step           Time
             24       24.00000

   Energies (kJ/mol)
           Bond          Angle    Proper Dih. Per. Imp. Dih.          LJ-14
    3.98337e+05    5.92368e+06    7.70710e+04    3.72356e+03    4.82285e+04
     Coulomb-14        LJ (SR)   Coulomb (SR)   Coul. recip.      Potential
   -1.31950e+06    1.24781e+06   -2.29685e+07    4.92844e+05   -1.60963e+07
 Pressure (bar)
   -7.51080e+02

           Step           Time
             25       25.00000

   Energies (kJ/mol)
           Bond          Angle    Proper Dih. Per. Imp. Dih.          LJ-14
    3.96771e+05    5.32469e+06    7.70815e+04    3.66843e+03    4.81435e+04
     Coulomb-14        LJ (SR)   Coulomb (SR)   Coul. recip.      Potential
   -1.31953e+06    1.31832e+06   -2.29710e+07    4.86228e+05   -1.66356e+07
 Pressure (bar)
    3.21522e+01

           Step           Time
             26       26.00000

   Energies (kJ/mol)
           Bond          Angle    Proper Dih. Per. Imp. Dih.          LJ-14
    5.28584e+05    4.95182e+06    7.70857e+04    3.60615e+03    4.80002e+04
     Coulomb-14        LJ (SR)   Coulomb (SR)   Coul. recip.      Potential
   -1.31955e+06    1.31015e+06   -2.30369e+07    4.90394e+05   -1.69468e+07
 Pressure (bar)
   -7.18450e+02

           Step           Time
             27       27.00000

   Energies (kJ/mol)
           Bond          Angle    Proper Dih. Per. Imp. Dih.          LJ-14
    4.51741e+05    4.50765e+06    7.70828e+04    3.56092e+03    4.79196e+04
     Coulomb-14        LJ (SR)   Coulomb (SR)   Coul. recip.      Potential
   -1.31959e+06    1.40899e+06   -2.30308e+07    4.85668e+05   -1.73678e+07
 Pressure (bar)
    3.91777e+02

           Step           Time
             28       28.00000

   Energies (kJ/mol)
           Bond          Angle    Proper Dih. Per. Imp. Dih.          LJ-14
    3.16739e+05    4.33620e+06    7.70801e+04    3.54847e+03    4.78888e+04
     Coulomb-14        LJ (SR)   Coulomb (SR)   Coul. recip.      Potential
   -1.31957e+06    1.32483e+06   -2.30409e+07    4.86029e+05   -1.77681e+07
 Pressure (bar)
   -4.65074e+01

           Step           Time
             29       29.00000

   Energies (kJ/mol)
           Bond          Angle    Proper Dih. Per. Imp. Dih.          LJ-14
    4.83415e+05    4.01467e+06    7.70713e+04    3.47676e+03    4.77096e+04
     Coulomb-14        LJ (SR)   Coulomb (SR)   Coul. recip.      Potential
   -1.31962e+06    1.35773e+06   -2.30879e+07    4.88471e+05   -1.79350e+07
 Pressure (bar)
   -3.94714e+02

           Step           Time
             30       30.00000

   Energies (kJ/mol)
           Bond          Angle    Proper Dih. Per. Imp. Dih.          LJ-14
    4.97893e+05    3.74833e+06    7.70613e+04    3.42703e+03    4.83017e+04
     Coulomb-14        LJ (SR)   Coulomb (SR)   Coul. recip.      Potential
   -1.31966e+06    1.35516e+06   -2.30943e+07    4.87030e+05   -1.81967e+07
 Pressure (bar)
   -3.32309e+02

           Step           Time
             31       31.00000

           Step           Time
             32       32.00000

   Energies (kJ/mol)
           Bond          Angle    Proper Dih. Per. Imp. Dih.          LJ-14
    2.33277e+05    3.51976e+06    7.70505e+04    3.39849e+03    4.79610e+04
     Coulomb-14        LJ (SR)   Coulomb (SR)   Coul. recip.      Potential
   -1.31967e+06    1.32833e+06   -2.31075e+07    4.86917e+05   -1.87305e+07
 Pressure (bar)
   -5.81188e+01

           Step           Time
             33       33.00000

           Step           Time
             34       34.00000

   Energies (kJ/mol)
           Bond          Angle    Proper Dih. Per. Imp. Dih.          LJ-14
    2.73347e+05    3.24191e+06    7.70257e+04    3.32027e+03    4.75115e+04
     Coulomb-14        LJ (SR)   Coulomb (SR)   Coul. recip.      Potential
   -1.31971e+06    1.44274e+06   -2.31369e+07    4.86658e+05   -1.88841e+07
 Pressure (bar)
    6.10240e+02

           Step           Time
             35       35.00000

   Energies (kJ/mol)
           Bond          Angle    Proper Dih. Per. Imp. Dih.          LJ-14
    2.41460e+05    3.20144e+06    7.70223e+04    3.31433e+03    4.74896e+04
     Coulomb-14        LJ (SR)   Coulomb (SR)   Coul. recip.      Potential
   -1.31971e+06    1.36044e+06   -2.31380e+07    4.87277e+05   -1.90392e+07
 Pressure (bar)
    2.19062e+01

           Step           Time
             36       36.00000

           Step           Time
             37       37.00000

   Energies (kJ/mol)
           Bond          Angle    Proper Dih. Per. Imp. Dih.          LJ-14
    2.48149e+05    3.07565e+06    7.70021e+04    3.27521e+03    4.73462e+04
     Coulomb-14        LJ (SR)   Coulomb (SR)   Coul. recip.      Potential
   -1.31975e+06    1.34643e+06   -2.31570e+07    4.87972e+05   -1.91909e+07
 Pressure (bar)
   -1.17315e+02

           Step           Time
             38       38.00000

           Step           Time
             39       39.00000

   Energies (kJ/mol)
           Bond          Angle    Proper Dih. Per. Imp. Dih.          LJ-14
    2.62549e+05    2.97455e+06    7.69768e+04    3.22886e+03    4.71794e+04
     Coulomb-14        LJ (SR)   Coulomb (SR)   Coul. recip.      Potential
   -1.31978e+06    1.37398e+06   -2.31695e+07    4.88196e+05   -1.92626e+07
 Pressure (bar)
    3.74223e+00

           Step           Time
             40       40.00000

           Step           Time
             41       41.00000

   Energies (kJ/mol)
           Bond          Angle    Proper Dih. Per. Imp. Dih.          LJ-14
    2.31332e+05    2.88370e+06    7.69590e+04    3.20156e+03    4.70812e+04
     Coulomb-14        LJ (SR)   Coulomb (SR)   Coul. recip.      Potential
   -1.31980e+06    1.34795e+06   -2.31806e+07    4.88758e+05   -1.94214e+07
 Pressure (bar)
   -1.55243e+02

           Step           Time
             42       42.00000

           Step           Time
             43       43.00000

   Energies (kJ/mol)
           Bond          Angle    Proper Dih. Per. Imp. Dih.          LJ-14
    2.31118e+05    2.81029e+06    7.69328e+04    3.16169e+03    4.69354e+04
     Coulomb-14        LJ (SR)   Coulomb (SR)   Coul. recip.      Potential
   -1.31984e+06    1.36387e+06   -2.31919e+07    4.89033e+05   -1.94904e+07
 Pressure (bar)
   -8.76678e+01

